<testsuites id="" name="" tests="17" failures="0" skipped="0" errors="0" time="29.411868000000002">
<testsuite name="api.spec.js" timestamp="2025-07-28T12:35:05.933Z" hostname="chromium" tests="2" failures="0" skipped="0" time="0.344" errors="0">
<testcase name="API Health and Integration › should verify API health endpoint" classname="api.spec.js" time="0.155">
</testcase>
<testcase name="API Health and Integration › should validate game data structure from API" classname="api.spec.js" time="0.189">
</testcase>
</testsuite>
<testsuite name="edge-cases.spec.js" timestamp="2025-07-28T12:35:05.933Z" hostname="chromium" tests="3" failures="0" skipped="0" time="36.329" errors="0">
<testcase name="Edge Cases and Error Handling › should handle rapid filter changes" classname="edge-cases.spec.js" time="16.471">
</testcase>
<testcase name="Edge Cases and Error Handling › should handle rapid search changes" classname="edge-cases.spec.js" time="9.423">
</testcase>
<testcase name="Edge Cases and Error Handling › should handle concurrent filter and search operations" classname="edge-cases.spec.js" time="10.435">
</testcase>
</testsuite>
<testsuite name="filters.spec.js" timestamp="2025-07-28T12:35:05.933Z" hostname="chromium" tests="4" failures="0" skipped="0" time="47.911" errors="0">
<testcase name="Filter Functionality › should filter by genre and return correct results" classname="filters.spec.js" time="10.435">
</testcase>
<testcase name="Filter Functionality › should handle platform filtering (when implemented)" classname="filters.spec.js" time="10.281">
<system-out>
<![CDATA[Platform filter not yet implemented in the UI
]]>
</system-out>
</testcase>
<testcase name="Filter Functionality › should apply multiple filters together" classname="filters.spec.js" time="14.374">
<system-out>
<![CDATA[Platform filter not yet implemented in the UI
]]>
</system-out>
</testcase>
<testcase name="Filter Functionality › should clear filters and restore all games" classname="filters.spec.js" time="12.821">
</testcase>
</testsuite>
<testsuite name="home-page.spec.js" timestamp="2025-07-28T12:35:05.933Z" hostname="chromium" tests="3" failures="0" skipped="0" time="22.121" errors="0">
<testcase name="Home Page - Core Functionality › should load home page with games and compare with API" classname="home-page.spec.js" time="6.099">
</testcase>
<testcase name="Home Page - Core Functionality › should display all game images correctly" classname="home-page.spec.js" time="10.278">
</testcase>
<testcase name="Home Page - Core Functionality › should display game ratings within valid range" classname="home-page.spec.js" time="5.744">
</testcase>
</testsuite>
<testsuite name="navigation.spec.js" timestamp="2025-07-28T12:35:05.933Z" hostname="chromium" tests="2" failures="0" skipped="0" time="14.257" errors="0">
<testcase name="Navigation and User Flow › should load home page correctly" classname="navigation.spec.js" time="4.497">
</testcase>
<testcase name="Navigation and User Flow › should clear filters and restore all games" classname="navigation.spec.js" time="9.76">
</testcase>
</testsuite>
<testsuite name="search.spec.js" timestamp="2025-07-28T12:35:05.933Z" hostname="chromium" tests="3" failures="0" skipped="0" time="14.672" errors="0">
<testcase name="Search Functionality › should search for games and return correct results" classname="search.spec.js" time="4.493">
</testcase>
<testcase name="Search Functionality › should handle search with no results" classname="search.spec.js" time="4.426">
</testcase>
<testcase name="Search Functionality › should handle edge case searches" classname="search.spec.js" time="5.753">
</testcase>
</testsuite>
</testsuites>